# JRE version: OpenJDK Runtime Environment Temurin-17.0.2+8 (17.0.2+8) (build 17.0.2+8)
# Java VM: OpenJDK 64-Bit Server VM Temurin-17.0.2+8 (17.0.2+8, mixed mode, sharing, tiered, compressed oops, compressed class ptrs, g1 gc, windows-amd64)
GC Precious Log:
 CPUs: 12 total, 12 available
 Memory: 32167M
 Large Page Support: Disabled
 NUMA Support: Disabled
 Compressed Oops: Enabled (Zero based)
 Heap Region Size: 8M
 Heap Min Capacity: 1G
 Heap Initial Capacity: 1G
 Heap Max Capacity: 14G
 Pre-touch: Disabled
 Parallel Workers: 10
 Concurrent Workers: 3
 Concurrent Refinement Workers: 10
 Periodic GC: Disabled
Heap:
 garbage-first heap   total 1048576K, used 309903K [0x0000000480000000, 0x0000000800000000)
  region size 8192K, 37 young (303104K), 1 survivors (8192K)
 Metaspace       used 16991K, committed 17344K, reserved 1064960K
  class space    used 1933K, committed 2112K, reserved 1048576K
GC Heap History (8 events):
Event: 0.608 GC heap before
{Heap before GC invocations=0 (full 0):
 garbage-first heap   total 1048576K, used 40960K [0x0000000480000000, 0x0000000800000000)
  region size 8192K, 6 young (49152K), 0 survivors (0K)
 Metaspace       used 5054K, committed 5248K, reserved 1056768K
  class space    used 505K, committed 576K, reserved 1048576K
}
Event: 0.611 GC heap after
{Heap after GC invocations=1 (full 0):
 garbage-first heap   total 1048576K, used 11412K [0x0000000480000000, 0x0000000800000000)
  region size 8192K, 1 young (8192K), 1 survivors (8192K)
 Metaspace       used 5054K, committed 5248K, reserved 1056768K
  class space    used 505K, committed 576K, reserved 1048576K
}
Event: 0.744 GC heap before
{Heap before GC invocations=1 (full 0):
 garbage-first heap   total 1048576K, used 52372K [0x0000000480000000, 0x0000000800000000)
  region size 8192K, 6 young (49152K), 1 survivors (8192K)
 Metaspace       used 5136K, committed 5312K, reserved 1056768K
  class space    used 505K, committed 576K, reserved 1048576K
}
Event: 0.746 GC heap after
{Heap after GC invocations=2 (full 0):
 garbage-first heap   total 1048576K, used 16862K [0x0000000480000000, 0x0000000800000000)
  region size 8192K, 1 young (8192K), 1 survivors (8192K)
 Metaspace       used 5136K, committed 5312K, reserved 1056768K
  class space    used 505K, committed 576K, reserved 1048576K
}
Event: 0.801 GC heap before
{Heap before GC invocations=2 (full 0):
 garbage-first heap   total 1048576K, used 57822K [0x0000000480000000, 0x0000000800000000)
  region size 8192K, 6 young (49152K), 1 survivors (8192K)
 Metaspace       used 5140K, committed 5312K, reserved 1056768K
  class space    used 505K, committed 576K, reserved 1048576K
}
Event: 0.803 GC heap after
{Heap after GC invocations=3 (full 0):
 garbage-first heap   total 1048576K, used 19244K [0x0000000480000000, 0x0000000800000000)
  region size 8192K, 1 young (8192K), 1 survivors (8192K)
 Metaspace       used 5140K, committed 5312K, reserved 1056768K
  class space    used 505K, committed 576K, reserved 1048576K
}
Event: 1.169 GC heap before
{Heap before GC invocations=3 (full 0):
 garbage-first heap   total 1048576K, used 101164K [0x0000000480000000, 0x0000000800000000)
  region size 8192K, 11 young (90112K), 1 survivors (8192K)
 Metaspace       used 5514K, committed 5760K, reserved 1056768K
  class space    used 526K, committed 640K, reserved 1048576K
}
Event: 1.171 GC heap after
{Heap after GC invocations=4 (full 0):
 garbage-first heap   total 1048576K, used 23183K [0x0000000480000000, 0x0000000800000000)
  region size 8192K, 1 young (8192K), 1 survivors (8192K)
 Metaspace       used 5514K, committed 5760K, reserved 1056768K
  class space    used 526K, committed 640K, reserved 1048576K
}

